<?xml version="1.0" encoding="UTF-8"?>
<!-- Generated by org.testng.reporters.JUnitReportReporter -->
<testsuite hostname="IRVVMUUAMWEB01" failures="0" tests="1" name="testscripts.scenario1.BatchProcessor_DEV" time="61.949" errors="0" timestamp="2024-05-31T01:28:26 IST" skipped="0">
  <testcase classname="testscripts.scenario1.BatchProcessor_DEV" name="runTC1" time="61.949"/>
  <system-out/>
</testsuite> <!-- testscripts.scenario1.BatchProcessor_DEV -->
