<?xml version="1.0" encoding="UTF-8"?>
<!-- Generated by org.testng.reporters.JUnitReportReporter -->
<testsuite hostname="dvtcsdevp-001" failures="0" tests="1" name="testscripts.scenario1.TC_4" time="182.057" errors="0" timestamp="2023-12-18T11:16:12 IST" skipped="0">
  <testcase classname="testscripts.scenario1.TC_4" name="runTC4" time="182.057"/>
</testsuite> <!-- testscripts.scenario1.TC_4 -->
