<?xml version="1.0" encoding="UTF-8"?>
<!-- Generated by org.testng.reporters.JUnitReportReporter -->
<testsuite hostname="IRVVMUUAMWEB01" failures="0" tests="1" name="testscripts.scenario1.Vision_DEV" time="22.149" errors="0" timestamp="2024-05-30T16:18:46 IST" skipped="0">
  <testcase classname="testscripts.scenario1.Vision_DEV" name="runTC1" time="22.149"/>
  <system-out/>
</testsuite> <!-- testscripts.scenario1.Vision_DEV -->
